23:22:19.579 | INFO  | main.cpp:34                  | PICC starting
23:22:19.579 | INFO  | Lexer.cpp:8                  | Initializing Lexer with source code of length: 156
23:22:19.579 | INFO  | Lexer.cpp:29                 | [START] Tokenization
23:22:19.579 | INFO  | Lexer.cpp:212                |   Tokenization completed successfully. Total tokens: 53
23:22:19.579 | INFO  | Lexer.cpp:29                 | [DONE ] Tokenization (0.041 ms)
23:22:19.579 | INFO  | Parser.cpp:9                 | Initializing Parser with 53 tokens
23:24:34.699 | INFO  | main.cpp:34                  | PICC starting
23:24:34.700 | INFO  | Lexer.cpp:8                  | Initializing Lexer with source code of length: 368
23:24:34.700 | INFO  | Lexer.cpp:29                 | [START] Tokenization
23:24:34.700 | INFO  | Lexer.cpp:212                |   Tokenization completed successfully. Total tokens: 88
23:24:34.700 | INFO  | Lexer.cpp:29                 | [DONE ] Tokenization (0.212 ms)
23:24:34.700 | INFO  | Parser.cpp:9                 | Initializing Parser with 88 tokens
23:24:34.713 | INFO  | main.cpp:34                  | PICC starting
23:24:34.713 | INFO  | Lexer.cpp:8                  | Initializing Lexer with source code of length: 156
23:24:34.713 | INFO  | Lexer.cpp:29                 | [START] Tokenization
23:24:34.713 | INFO  | Lexer.cpp:212                |   Tokenization completed successfully. Total tokens: 53
23:24:34.713 | INFO  | Lexer.cpp:29                 | [DONE ] Tokenization (0.039 ms)
23:24:34.713 | INFO  | Parser.cpp:9                 | Initializing Parser with 53 tokens
23:24:40.651 | INFO  | main.cpp:34                  | PICC starting
23:24:40.652 | INFO  | Lexer.cpp:8                  | Initializing Lexer with source code of length: 368
23:24:40.652 | INFO  | Lexer.cpp:29                 | [START] Tokenization
23:24:40.652 | INFO  | Lexer.cpp:212                |   Tokenization completed successfully. Total tokens: 88
23:24:40.652 | INFO  | Lexer.cpp:29                 | [DONE ] Tokenization (0.070 ms)
23:24:40.652 | INFO  | Parser.cpp:9                 | Initializing Parser with 88 tokens
23:24:40.660 | INFO  | main.cpp:34                  | PICC starting
23:24:40.661 | INFO  | Lexer.cpp:8                  | Initializing Lexer with source code of length: 156
23:24:40.661 | INFO  | Lexer.cpp:29                 | [START] Tokenization
23:24:40.661 | INFO  | Lexer.cpp:212                |   Tokenization completed successfully. Total tokens: 53
23:24:40.661 | INFO  | Lexer.cpp:29                 | [DONE ] Tokenization (0.044 ms)
23:24:40.661 | INFO  | Parser.cpp:9                 | Initializing Parser with 53 tokens
20:16:12.789 | INFO  | main.cpp:34                  | PICC starting
20:16:12.789 | INFO  | Lexer.cpp:8                  | Initializing Lexer with source code of length: 398
20:16:12.789 | INFO  | Lexer.cpp:29                 | [START] Tokenization
20:16:12.789 | INFO  | Lexer.cpp:220                |   Tokenization completed successfully. Total tokens: 19
20:16:12.789 | INFO  | Lexer.cpp:29                 | [DONE ] Tokenization (0.051 ms)
20:16:12.789 | INFO  | Parser.cpp:9                 | Initializing Parser with 19 tokens
20:16:12.789 | INFO  | Parser.cpp:57                | Parsing Function 'main'
20:16:12.789 | INFO  | Parser.cpp:58                | [START] Parsing
20:16:12.789 | INFO  | Parser.cpp:101               |   [START] Parsing Statement
20:16:12.789 | INFO  | Parser.cpp:101               |   [DONE ] Parsing Statement (0.020 ms)
20:16:12.789 | INFO  | Parser.cpp:101               |   [START] Parsing Statement
20:16:12.789 | INFO  | Parser.cpp:101               |   [DONE ] Parsing Statement (0.011 ms)
20:16:12.789 | INFO  | Parser.cpp:58                | [DONE ] Parsing (0.066 ms)
20:16:12.790 | INFO  | Codegen.cpp:11               | Initializing CodeGen with new LLVM module
20:16:12.790 | INFO  | main.cpp:69                  | [START] Code Generation
20:16:12.791 | INFO  | main.cpp:69                  | [DONE ] Code Generation (0.673 ms)
20:16:12.791 | INFO  | main.cpp:75                  | [START] LLVM IR Construction (Main)
20:16:12.791 | INFO  | main.cpp:75                  | [DONE ] LLVM IR Construction (Main) (0.045 ms)

================================================================================
                         PERFORMANCE SUMMARY                                    
--------------------------------------------------------------------------------
 Total Application Time: 2.555 ms
--------------------------------------------------------------------------------
 Phase / Scope                                 Count     Total Time     % App
--------------------------------------------------------------------------------
Tokenization                                       1       0.051 ms     2.01%
Parsing                                            1       0.066 ms     2.57%
Code Generation                                    1       0.673 ms    26.33%
LLVM IR Construction (Main)                        1       0.045 ms     1.77%
Other / Overhead                                   -       1.720 ms    67.31%
================================================================================
20:16:12.801 | INFO  | main.cpp:34                  | PICC starting
20:16:12.801 | INFO  | Lexer.cpp:8                  | Initializing Lexer with source code of length: 156
20:16:12.801 | INFO  | Lexer.cpp:29                 | [START] Tokenization
20:16:12.801 | INFO  | Lexer.cpp:220                |   Tokenization completed successfully. Total tokens: 13
20:16:12.801 | INFO  | Lexer.cpp:29                 | [DONE ] Tokenization (0.029 ms)
20:16:12.801 | INFO  | Parser.cpp:9                 | Initializing Parser with 13 tokens
20:16:12.801 | INFO  | Parser.cpp:57                | Parsing Function 'main'
20:16:12.801 | INFO  | Parser.cpp:58                | [START] Parsing
20:16:12.802 | INFO  | Parser.cpp:58                | [DONE ] Parsing (0.054 ms)
20:16:31.168 | INFO  | main.cpp:34                  | PICC starting
20:16:31.168 | INFO  | Lexer.cpp:8                  | Initializing Lexer with source code of length: 398
20:16:31.168 | INFO  | Lexer.cpp:29                 | [START] Tokenization
20:16:31.168 | INFO  | Lexer.cpp:220                |   Tokenization completed successfully. Total tokens: 19
20:16:31.169 | INFO  | Lexer.cpp:29                 | [DONE ] Tokenization (0.051 ms)
20:16:31.169 | INFO  | Parser.cpp:9                 | Initializing Parser with 19 tokens
20:16:31.169 | INFO  | Parser.cpp:57                | Parsing Function 'main'
20:16:31.169 | INFO  | Parser.cpp:58                | [START] Parsing
20:16:31.169 | INFO  | Parser.cpp:101               |   [START] Parsing Statement
20:16:31.169 | INFO  | Parser.cpp:101               |   [DONE ] Parsing Statement (0.012 ms)
20:16:31.169 | INFO  | Parser.cpp:101               |   [START] Parsing Statement
20:16:31.169 | INFO  | Parser.cpp:101               |   [DONE ] Parsing Statement (0.014 ms)
20:16:31.169 | INFO  | Parser.cpp:58                | [DONE ] Parsing (0.064 ms)
20:16:31.169 | INFO  | Codegen.cpp:11               | Initializing CodeGen with new LLVM module
20:16:31.169 | INFO  | main.cpp:69                  | [START] Code Generation
20:16:31.169 | INFO  | main.cpp:69                  | [DONE ] Code Generation (0.195 ms)
20:16:31.169 | INFO  | main.cpp:75                  | [START] LLVM IR Construction (Main)
20:16:31.169 | INFO  | main.cpp:75                  | [DONE ] LLVM IR Construction (Main) (0.033 ms)

================================================================================
                         PERFORMANCE SUMMARY                                    
--------------------------------------------------------------------------------
 Total Application Time: 1.644 ms
--------------------------------------------------------------------------------
 Phase / Scope                                 Count     Total Time     % App
--------------------------------------------------------------------------------
Tokenization                                       1       0.051 ms     3.08%
Parsing                                            1       0.064 ms     3.89%
Code Generation                                    1       0.195 ms    11.86%
LLVM IR Construction (Main)                        1       0.033 ms     2.01%
Other / Overhead                                   -       1.301 ms    79.16%
================================================================================
20:16:35.074 | INFO  | main.cpp:34                  | PICC starting
20:16:35.074 | INFO  | Lexer.cpp:8                  | Initializing Lexer with source code of length: 156
20:16:35.074 | INFO  | Lexer.cpp:29                 | [START] Tokenization
20:16:35.074 | INFO  | Lexer.cpp:220                |   Tokenization completed successfully. Total tokens: 13
20:16:35.074 | INFO  | Lexer.cpp:29                 | [DONE ] Tokenization (0.034 ms)
20:16:35.074 | INFO  | Parser.cpp:9                 | Initializing Parser with 13 tokens
20:16:35.074 | INFO  | Parser.cpp:57                | Parsing Function 'main'
20:16:35.074 | INFO  | Parser.cpp:58                | [START] Parsing
20:16:35.074 | INFO  | Parser.cpp:58                | [DONE ] Parsing (0.051 ms)
20:17:08.225 | INFO  | main.cpp:34                  | PICC starting
20:17:08.226 | INFO  | Lexer.cpp:8                  | Initializing Lexer with source code of length: 377
20:17:08.226 | INFO  | Lexer.cpp:29                 | [START] Tokenization
20:17:08.226 | INFO  | Lexer.cpp:220                |   Tokenization completed successfully. Total tokens: 19
20:17:08.226 | INFO  | Lexer.cpp:29                 | [DONE ] Tokenization (0.042 ms)
20:17:08.226 | INFO  | Parser.cpp:9                 | Initializing Parser with 19 tokens
20:17:08.226 | INFO  | Parser.cpp:57                | Parsing Function 'main'
20:17:08.226 | INFO  | Parser.cpp:58                | [START] Parsing
20:17:08.226 | INFO  | Parser.cpp:101               |   [START] Parsing Statement
20:17:08.226 | INFO  | Parser.cpp:101               |   [DONE ] Parsing Statement (0.013 ms)
20:17:08.226 | INFO  | Parser.cpp:101               |   [START] Parsing Statement
20:17:08.226 | INFO  | Parser.cpp:101               |   [DONE ] Parsing Statement (0.013 ms)
20:17:08.226 | INFO  | Parser.cpp:58                | [DONE ] Parsing (0.058 ms)
20:17:08.226 | INFO  | Codegen.cpp:11               | Initializing CodeGen with new LLVM module
20:17:08.226 | INFO  | main.cpp:69                  | [START] Code Generation
20:17:08.226 | INFO  | main.cpp:69                  | [DONE ] Code Generation (0.197 ms)
20:17:08.226 | INFO  | main.cpp:75                  | [START] LLVM IR Construction (Main)
20:17:08.226 | INFO  | main.cpp:75                  | [DONE ] LLVM IR Construction (Main) (0.028 ms)

================================================================================
                         PERFORMANCE SUMMARY                                    
--------------------------------------------------------------------------------
 Total Application Time: 1.425 ms
--------------------------------------------------------------------------------
 Phase / Scope                                 Count     Total Time     % App
--------------------------------------------------------------------------------
Tokenization                                       1       0.042 ms     2.96%
Parsing                                            1       0.058 ms     4.10%
Code Generation                                    1       0.197 ms    13.84%
LLVM IR Construction (Main)                        1       0.028 ms     1.94%
Other / Overhead                                   -       1.100 ms    77.17%
================================================================================
20:17:08.238 | INFO  | main.cpp:34                  | PICC starting
20:17:08.239 | INFO  | Lexer.cpp:8                  | Initializing Lexer with source code of length: 165
20:17:08.239 | INFO  | Lexer.cpp:29                 | [START] Tokenization
20:17:08.239 | INFO  | Lexer.cpp:220                |   Tokenization completed successfully. Total tokens: 15
20:17:08.239 | INFO  | Lexer.cpp:29                 | [DONE ] Tokenization (0.030 ms)
20:17:08.239 | INFO  | Parser.cpp:9                 | Initializing Parser with 15 tokens
20:17:08.239 | INFO  | Parser.cpp:57                | Parsing Function 'main'
20:17:08.239 | INFO  | Parser.cpp:58                | [START] Parsing
20:17:08.239 | INFO  | Parser.cpp:101               |   [START] Parsing Statement
20:17:08.239 | INFO  | Parser.cpp:101               |   [DONE ] Parsing Statement (0.040 ms)
20:17:08.239 | INFO  | Parser.cpp:58                | [DONE ] Parsing (0.062 ms)
20:17:25.720 | INFO  | main.cpp:34                  | PICC starting
20:17:25.721 | INFO  | Lexer.cpp:8                  | Initializing Lexer with source code of length: 377
20:17:25.721 | INFO  | Lexer.cpp:29                 | [START] Tokenization
20:17:25.721 | INFO  | Lexer.cpp:220                |   Tokenization completed successfully. Total tokens: 19
20:17:25.721 | INFO  | Lexer.cpp:29                 | [DONE ] Tokenization (0.052 ms)
20:17:25.721 | INFO  | Parser.cpp:9                 | Initializing Parser with 19 tokens
20:17:25.721 | INFO  | Parser.cpp:57                | Parsing Function 'main'
20:17:25.721 | INFO  | Parser.cpp:58                | [START] Parsing
20:17:25.721 | INFO  | Parser.cpp:101               |   [START] Parsing Statement
20:17:25.721 | INFO  | Parser.cpp:101               |   [DONE ] Parsing Statement (0.011 ms)
20:17:25.721 | INFO  | Parser.cpp:101               |   [START] Parsing Statement
20:17:25.721 | INFO  | Parser.cpp:101               |   [DONE ] Parsing Statement (0.014 ms)
20:17:25.721 | INFO  | Parser.cpp:58                | [DONE ] Parsing (0.057 ms)
20:17:25.722 | INFO  | Codegen.cpp:11               | Initializing CodeGen with new LLVM module
20:17:25.722 | INFO  | main.cpp:69                  | [START] Code Generation
20:17:25.722 | INFO  | main.cpp:69                  | [DONE ] Code Generation (0.234 ms)
20:17:25.722 | INFO  | main.cpp:75                  | [START] LLVM IR Construction (Main)
20:17:25.722 | INFO  | main.cpp:75                  | [DONE ] LLVM IR Construction (Main) (0.024 ms)

================================================================================
                         PERFORMANCE SUMMARY                                    
--------------------------------------------------------------------------------
 Total Application Time: 1.824 ms
--------------------------------------------------------------------------------
 Phase / Scope                                 Count     Total Time     % App
--------------------------------------------------------------------------------
Tokenization                                       1       0.052 ms     2.84%
Parsing                                            1       0.057 ms     3.15%
Code Generation                                    1       0.234 ms    12.81%
LLVM IR Construction (Main)                        1       0.024 ms     1.29%
Other / Overhead                                   -       1.458 ms    79.91%
================================================================================
20:17:25.733 | INFO  | main.cpp:34                  | PICC starting
20:17:25.733 | INFO  | Lexer.cpp:8                  | Initializing Lexer with source code of length: 177
20:17:25.733 | INFO  | Lexer.cpp:29                 | [START] Tokenization
20:17:25.733 | INFO  | Lexer.cpp:220                |   Tokenization completed successfully. Total tokens: 17
20:17:25.733 | INFO  | Lexer.cpp:29                 | [DONE ] Tokenization (0.036 ms)
20:17:25.733 | INFO  | Parser.cpp:9                 | Initializing Parser with 17 tokens
20:17:25.733 | INFO  | Parser.cpp:57                | Parsing Function 'main'
20:17:25.733 | INFO  | Parser.cpp:58                | [START] Parsing
20:17:25.733 | INFO  | Parser.cpp:101               |   [START] Parsing Statement
20:17:25.733 | INFO  | Parser.cpp:101               |   [DONE ] Parsing Statement (0.017 ms)
20:17:25.733 | INFO  | Parser.cpp:58                | [DONE ] Parsing (0.041 ms)
20:17:25.733 | INFO  | Codegen.cpp:11               | Initializing CodeGen with new LLVM module
20:17:25.734 | INFO  | main.cpp:69                  | [START] Code Generation
20:17:25.734 | INFO  | main.cpp:69                  | [DONE ] Code Generation (0.225 ms)
20:17:25.734 | INFO  | main.cpp:75                  | [START] LLVM IR Construction (Main)
20:17:25.734 | INFO  | main.cpp:75                  | [DONE ] LLVM IR Construction (Main) (0.044 ms)

================================================================================
                         PERFORMANCE SUMMARY                                    
--------------------------------------------------------------------------------
 Total Application Time: 1.418 ms
--------------------------------------------------------------------------------
 Phase / Scope                                 Count     Total Time     % App
--------------------------------------------------------------------------------
Tokenization                                       1       0.036 ms     2.52%
Parsing                                            1       0.041 ms     2.89%
Code Generation                                    1       0.225 ms    15.84%
LLVM IR Construction (Main)                        1       0.044 ms     3.09%
Other / Overhead                                   -       1.073 ms    75.65%
================================================================================
20:17:44.185 | INFO  | main.cpp:34                  | PICC starting
20:17:44.186 | INFO  | Lexer.cpp:8                  | Initializing Lexer with source code of length: 177
20:17:44.186 | INFO  | Lexer.cpp:29                 | [START] Tokenization
20:17:44.186 | INFO  | Lexer.cpp:220                |   Tokenization completed successfully. Total tokens: 17
20:17:44.186 | INFO  | Lexer.cpp:29                 | [DONE ] Tokenization (0.038 ms)
20:17:44.186 | INFO  | Parser.cpp:9                 | Initializing Parser with 17 tokens
20:17:44.186 | INFO  | Parser.cpp:57                | Parsing Function 'main'
20:17:44.186 | INFO  | Parser.cpp:58                | [START] Parsing
20:17:44.186 | INFO  | Parser.cpp:101               |   [START] Parsing Statement
20:17:44.186 | INFO  | Parser.cpp:101               |   [DONE ] Parsing Statement (0.016 ms)
20:17:44.186 | INFO  | Parser.cpp:58                | [DONE ] Parsing (0.042 ms)
20:17:44.186 | INFO  | Codegen.cpp:11               | Initializing CodeGen with new LLVM module
20:17:44.186 | INFO  | main.cpp:69                  | [START] Code Generation
20:17:44.186 | INFO  | main.cpp:69                  | [DONE ] Code Generation (0.139 ms)
20:17:44.186 | INFO  | main.cpp:75                  | [START] LLVM IR Construction (Main)
20:17:44.186 | INFO  | main.cpp:75                  | [DONE ] LLVM IR Construction (Main) (0.036 ms)

================================================================================
                         PERFORMANCE SUMMARY                                    
--------------------------------------------------------------------------------
 Total Application Time: 1.658 ms
--------------------------------------------------------------------------------
 Phase / Scope                                 Count     Total Time     % App
--------------------------------------------------------------------------------
Tokenization                                       1       0.038 ms     2.27%
Parsing                                            1       0.042 ms     2.56%
Code Generation                                    1       0.139 ms     8.37%
LLVM IR Construction (Main)                        1       0.036 ms     2.20%
Other / Overhead                                   -       1.403 ms    84.60%
================================================================================
20:33:06.677 | INFO  | main.cpp:34                  | PICC starting
20:33:06.678 | INFO  | Lexer.cpp:8                  | Initializing Lexer with source code of length: 377
20:33:06.678 | INFO  | Lexer.cpp:29                 | [START] Tokenization
20:33:06.678 | INFO  | Lexer.cpp:220                |   Tokenization completed successfully. Total tokens: 19
20:33:06.678 | INFO  | Lexer.cpp:29                 | [DONE ] Tokenization (0.159 ms)
20:33:06.678 | INFO  | Parser.cpp:9                 | Initializing Parser with 19 tokens
20:33:06.678 | INFO  | Parser.cpp:57                | Parsing Function 'main'
20:33:06.678 | INFO  | Parser.cpp:58                | [START] Parsing
20:33:06.678 | INFO  | Parser.cpp:101               |   [START] Parsing Statement
20:33:06.678 | INFO  | Parser.cpp:101               |   [DONE ] Parsing Statement (0.017 ms)
20:33:06.678 | INFO  | Parser.cpp:101               |   [START] Parsing Statement
20:33:06.678 | INFO  | Parser.cpp:101               |   [DONE ] Parsing Statement (0.009 ms)
20:33:06.678 | INFO  | Parser.cpp:58                | [DONE ] Parsing (0.054 ms)
20:33:06.679 | INFO  | Codegen.cpp:11               | Initializing CodeGen with new LLVM module
20:33:06.681 | INFO  | main.cpp:69                  | [START] Code Generation
20:33:06.685 | INFO  | main.cpp:69                  | [DONE ] Code Generation (3.198 ms)
20:33:06.685 | INFO  | main.cpp:75                  | [START] LLVM IR Construction (Main)
20:33:06.685 | INFO  | main.cpp:75                  | [DONE ] LLVM IR Construction (Main) (0.169 ms)

================================================================================
                         PERFORMANCE SUMMARY                                    
--------------------------------------------------------------------------------
 Total Application Time: 8.865 ms
--------------------------------------------------------------------------------
 Phase / Scope                                 Count     Total Time     % App
--------------------------------------------------------------------------------
Tokenization                                       1       0.159 ms     1.79%
Parsing                                            1       0.054 ms     0.61%
Code Generation                                    1       3.198 ms    36.08%
LLVM IR Construction (Main)                        1       0.169 ms     1.91%
Other / Overhead                                   -       5.285 ms    59.62%
================================================================================
20:33:06.699 | INFO  | main.cpp:34                  | PICC starting
20:33:06.699 | INFO  | Lexer.cpp:8                  | Initializing Lexer with source code of length: 209
20:33:06.699 | INFO  | Lexer.cpp:29                 | [START] Tokenization
20:33:06.699 | INFO  | Lexer.cpp:220                |   Tokenization completed successfully. Total tokens: 13
20:33:06.699 | INFO  | Lexer.cpp:29                 | [DONE ] Tokenization (0.031 ms)
20:33:06.699 | INFO  | Parser.cpp:9                 | Initializing Parser with 13 tokens
20:33:06.699 | INFO  | Parser.cpp:57                | Parsing Function 'main'
20:33:06.699 | INFO  | Parser.cpp:58                | [START] Parsing
20:33:06.699 | INFO  | Parser.cpp:101               |   [START] Parsing Statement
20:33:06.699 | INFO  | Parser.cpp:101               |   [DONE ] Parsing Statement (0.009 ms)
20:33:06.699 | INFO  | Parser.cpp:58                | [DONE ] Parsing (0.028 ms)
20:33:06.699 | INFO  | Codegen.cpp:11               | Initializing CodeGen with new LLVM module
20:33:06.699 | INFO  | main.cpp:69                  | [START] Code Generation
20:33:06.699 | INFO  | main.cpp:69                  | [DONE ] Code Generation (0.090 ms)
20:33:06.699 | INFO  | main.cpp:75                  | [START] LLVM IR Construction (Main)
20:33:06.699 | INFO  | main.cpp:75                  | [DONE ] LLVM IR Construction (Main) (0.016 ms)

================================================================================
                         PERFORMANCE SUMMARY                                    
--------------------------------------------------------------------------------
 Total Application Time: 0.789 ms
--------------------------------------------------------------------------------
 Phase / Scope                                 Count     Total Time     % App
--------------------------------------------------------------------------------
Tokenization                                       1       0.031 ms     3.91%
Parsing                                            1       0.028 ms     3.60%
Code Generation                                    1       0.090 ms    11.37%
LLVM IR Construction (Main)                        1       0.016 ms     2.04%
Other / Overhead                                   -       0.624 ms    79.08%
================================================================================
20:33:06.707 | INFO  | main.cpp:34                  | PICC starting
20:33:06.708 | INFO  | Lexer.cpp:8                  | Initializing Lexer with source code of length: 104
20:33:06.708 | INFO  | Lexer.cpp:29                 | [START] Tokenization
20:33:06.708 | INFO  | Lexer.cpp:220                |   Tokenization completed successfully. Total tokens: 9
20:33:06.708 | INFO  | Lexer.cpp:29                 | [DONE ] Tokenization (0.026 ms)
20:33:06.708 | INFO  | Parser.cpp:9                 | Initializing Parser with 9 tokens
20:33:06.708 | INFO  | Parser.cpp:57                | Parsing Function 'main'
20:33:06.708 | INFO  | Parser.cpp:58                | [START] Parsing
20:33:06.708 | INFO  | Parser.cpp:58                | [DONE ] Parsing (0.010 ms)
20:33:06.708 | INFO  | Codegen.cpp:11               | Initializing CodeGen with new LLVM module
20:33:06.708 | INFO  | main.cpp:69                  | [START] Code Generation
20:33:06.708 | INFO  | main.cpp:69                  | [DONE ] Code Generation (0.074 ms)
20:33:06.708 | INFO  | main.cpp:75                  | [START] LLVM IR Construction (Main)
20:33:06.708 | INFO  | main.cpp:75                  | [DONE ] LLVM IR Construction (Main) (0.030 ms)

================================================================================
                         PERFORMANCE SUMMARY                                    
--------------------------------------------------------------------------------
 Total Application Time: 0.840 ms
--------------------------------------------------------------------------------
 Phase / Scope                                 Count     Total Time     % App
--------------------------------------------------------------------------------
Tokenization                                       1       0.026 ms     3.08%
Parsing                                            1       0.010 ms     1.17%
Code Generation                                    1       0.074 ms     8.77%
LLVM IR Construction (Main)                        1       0.030 ms     3.60%
Other / Overhead                                   -       0.700 ms    83.38%
================================================================================
20:33:06.716 | INFO  | main.cpp:34                  | PICC starting
20:33:06.717 | INFO  | Lexer.cpp:8                  | Initializing Lexer with source code of length: 124
20:33:06.717 | INFO  | Lexer.cpp:29                 | [START] Tokenization
20:33:06.717 | INFO  | Lexer.cpp:220                |   Tokenization completed successfully. Total tokens: 15
20:33:06.717 | INFO  | Lexer.cpp:29                 | [DONE ] Tokenization (0.029 ms)
20:33:06.717 | INFO  | Parser.cpp:9                 | Initializing Parser with 15 tokens
20:33:06.717 | INFO  | Parser.cpp:57                | Parsing Function 'main'
20:33:06.717 | INFO  | Parser.cpp:58                | [START] Parsing
20:33:06.717 | INFO  | Parser.cpp:101               |   [START] Parsing Statement
20:33:06.717 | INFO  | Parser.cpp:101               |   [DONE ] Parsing Statement (0.011 ms)
20:33:06.717 | INFO  | Parser.cpp:58                | [DONE ] Parsing (0.030 ms)
20:33:06.717 | INFO  | Codegen.cpp:11               | Initializing CodeGen with new LLVM module
20:33:06.717 | INFO  | main.cpp:69                  | [START] Code Generation
20:33:06.717 | INFO  | main.cpp:69                  | [DONE ] Code Generation (0.090 ms)
20:33:06.717 | INFO  | main.cpp:75                  | [START] LLVM IR Construction (Main)
20:33:06.717 | INFO  | main.cpp:75                  | [DONE ] LLVM IR Construction (Main) (0.030 ms)

================================================================================
                         PERFORMANCE SUMMARY                                    
--------------------------------------------------------------------------------
 Total Application Time: 0.866 ms
--------------------------------------------------------------------------------
 Phase / Scope                                 Count     Total Time     % App
--------------------------------------------------------------------------------
Tokenization                                       1       0.029 ms     3.31%
Parsing                                            1       0.030 ms     3.50%
Code Generation                                    1       0.090 ms    10.45%
LLVM IR Construction (Main)                        1       0.030 ms     3.41%
Other / Overhead                                   -       0.687 ms    79.34%
================================================================================
20:33:06.725 | INFO  | main.cpp:34                  | PICC starting
20:33:06.726 | INFO  | Lexer.cpp:8                  | Initializing Lexer with source code of length: 326
20:33:06.726 | INFO  | Lexer.cpp:29                 | [START] Tokenization
20:33:06.726 | INFO  | Lexer.cpp:220                |   Tokenization completed successfully. Total tokens: 33
20:33:06.726 | INFO  | Lexer.cpp:29                 | [DONE ] Tokenization (0.039 ms)
20:33:06.726 | INFO  | Parser.cpp:9                 | Initializing Parser with 33 tokens
20:33:06.726 | INFO  | Parser.cpp:57                | Parsing Function 'main'
20:33:06.726 | INFO  | Parser.cpp:58                | [START] Parsing
20:33:06.726 | INFO  | Parser.cpp:101               |   [START] Parsing Statement
20:33:06.726 | INFO  | Parser.cpp:101               |   [DONE ] Parsing Statement (0.011 ms)
20:33:06.726 | INFO  | Parser.cpp:101               |   [START] Parsing Statement
20:33:06.726 | INFO  | Parser.cpp:101               |   [DONE ] Parsing Statement (0.010 ms)
20:33:06.726 | INFO  | Parser.cpp:101               |   [START] Parsing Statement
20:33:06.726 | INFO  | Parser.cpp:101               |   [DONE ] Parsing Statement (0.008 ms)
20:33:06.726 | INFO  | Parser.cpp:101               |   [START] Parsing Statement
20:33:06.726 | INFO  | Parser.cpp:101               |   [DONE ] Parsing Statement (0.007 ms)
20:33:06.726 | INFO  | Parser.cpp:58                | [DONE ] Parsing (0.085 ms)
20:33:06.726 | INFO  | Codegen.cpp:11               | Initializing CodeGen with new LLVM module
20:33:06.726 | INFO  | main.cpp:69                  | [START] Code Generation
20:33:06.726 | INFO  | main.cpp:69                  | [DONE ] Code Generation (0.088 ms)
20:33:06.726 | INFO  | main.cpp:75                  | [START] LLVM IR Construction (Main)
20:33:06.726 | INFO  | main.cpp:75                  | [DONE ] LLVM IR Construction (Main) (0.026 ms)

================================================================================
                         PERFORMANCE SUMMARY                                    
--------------------------------------------------------------------------------
 Total Application Time: 0.937 ms
--------------------------------------------------------------------------------
 Phase / Scope                                 Count     Total Time     % App
--------------------------------------------------------------------------------
Tokenization                                       1       0.039 ms     4.21%
Parsing                                            1       0.085 ms     9.03%
Code Generation                                    1       0.088 ms     9.39%
LLVM IR Construction (Main)                        1       0.026 ms     2.79%
Other / Overhead                                   -       0.699 ms    74.59%
================================================================================
20:33:06.734 | INFO  | main.cpp:34                  | PICC starting
20:33:06.735 | INFO  | Lexer.cpp:8                  | Initializing Lexer with source code of length: 269
20:33:06.735 | INFO  | Lexer.cpp:29                 | [START] Tokenization
20:33:06.735 | INFO  | Lexer.cpp:220                |   Tokenization completed successfully. Total tokens: 41
20:33:06.735 | INFO  | Lexer.cpp:29                 | [DONE ] Tokenization (0.050 ms)
20:33:06.735 | INFO  | Parser.cpp:9                 | Initializing Parser with 41 tokens
20:33:06.735 | INFO  | Parser.cpp:57                | Parsing Function 'main'
20:33:06.735 | INFO  | Parser.cpp:58                | [START] Parsing
20:33:06.735 | INFO  | Parser.cpp:101               |   [START] Parsing Statement
20:33:06.735 | INFO  | Parser.cpp:101               |   [DONE ] Parsing Statement (0.011 ms)
20:33:06.735 | INFO  | Parser.cpp:101               |   [START] Parsing Statement
20:33:06.735 | INFO  | Parser.cpp:101               |   [DONE ] Parsing Statement (0.009 ms)
20:33:06.735 | INFO  | Parser.cpp:101               |   [START] Parsing Statement
20:33:06.735 | INFO  | Parser.cpp:101               |   [DONE ] Parsing Statement (0.008 ms)
20:33:06.735 | INFO  | Parser.cpp:101               |   [START] Parsing Statement
20:33:06.735 | INFO  | Parser.cpp:101               |   [DONE ] Parsing Statement (0.007 ms)
20:33:06.735 | INFO  | Parser.cpp:58                | [DONE ] Parsing (0.080 ms)
20:33:06.735 | INFO  | Codegen.cpp:11               | Initializing CodeGen with new LLVM module
20:33:06.735 | INFO  | main.cpp:69                  | [START] Code Generation
20:33:06.735 | INFO  | main.cpp:69                  | [DONE ] Code Generation (0.442 ms)
20:33:06.735 | INFO  | main.cpp:75                  | [START] LLVM IR Construction (Main)
20:33:06.735 | INFO  | main.cpp:75                  | [DONE ] LLVM IR Construction (Main) (0.027 ms)

================================================================================
                         PERFORMANCE SUMMARY                                    
--------------------------------------------------------------------------------
 Total Application Time: 1.300 ms
--------------------------------------------------------------------------------
 Phase / Scope                                 Count     Total Time     % App
--------------------------------------------------------------------------------
Tokenization                                       1       0.050 ms     3.87%
Parsing                                            1       0.080 ms     6.12%
Code Generation                                    1       0.442 ms    34.04%
LLVM IR Construction (Main)                        1       0.027 ms     2.07%
Other / Overhead                                   -       0.701 ms    53.91%
================================================================================
20:33:06.743 | INFO  | main.cpp:34                  | PICC starting
20:33:06.744 | INFO  | Lexer.cpp:8                  | Initializing Lexer with source code of length: 151
20:33:06.744 | INFO  | Lexer.cpp:29                 | [START] Tokenization
20:33:06.744 | INFO  | Lexer.cpp:220                |   Tokenization completed successfully. Total tokens: 17
20:33:06.744 | INFO  | Lexer.cpp:29                 | [DONE ] Tokenization (0.030 ms)
20:33:06.744 | INFO  | Parser.cpp:9                 | Initializing Parser with 17 tokens
20:33:06.744 | INFO  | Parser.cpp:57                | Parsing Function 'main'
20:33:06.744 | INFO  | Parser.cpp:58                | [START] Parsing
20:33:06.744 | INFO  | Parser.cpp:101               |   [START] Parsing Statement
20:33:06.744 | INFO  | Parser.cpp:101               |   [DONE ] Parsing Statement (0.011 ms)
20:33:06.744 | INFO  | Parser.cpp:58                | [DONE ] Parsing (0.031 ms)
20:33:06.744 | INFO  | Codegen.cpp:11               | Initializing CodeGen with new LLVM module
20:33:06.744 | INFO  | main.cpp:69                  | [START] Code Generation
20:33:06.744 | INFO  | main.cpp:69                  | [DONE ] Code Generation (0.090 ms)
20:33:06.744 | INFO  | main.cpp:75                  | [START] LLVM IR Construction (Main)
20:33:06.744 | INFO  | main.cpp:75                  | [DONE ] LLVM IR Construction (Main) (0.028 ms)

================================================================================
                         PERFORMANCE SUMMARY                                    
--------------------------------------------------------------------------------
 Total Application Time: 0.872 ms
--------------------------------------------------------------------------------
 Phase / Scope                                 Count     Total Time     % App
--------------------------------------------------------------------------------
Tokenization                                       1       0.030 ms     3.48%
Parsing                                            1       0.031 ms     3.53%
Code Generation                                    1       0.090 ms    10.28%
LLVM IR Construction (Main)                        1       0.028 ms     3.18%
Other / Overhead                                   -       0.693 ms    79.54%
================================================================================
20:33:06.752 | INFO  | main.cpp:34                  | PICC starting
20:33:06.753 | INFO  | Lexer.cpp:8                  | Initializing Lexer with source code of length: 167
20:33:06.753 | INFO  | Lexer.cpp:29                 | [START] Tokenization
20:33:06.753 | INFO  | Lexer.cpp:220                |   Tokenization completed successfully. Total tokens: 31
20:33:06.753 | INFO  | Lexer.cpp:29                 | [DONE ] Tokenization (0.032 ms)
20:33:06.753 | INFO  | Parser.cpp:9                 | Initializing Parser with 31 tokens
20:33:06.753 | INFO  | Parser.cpp:57                | Parsing Function 'main'
20:33:06.753 | INFO  | Parser.cpp:58                | [START] Parsing
20:33:06.753 | INFO  | Parser.cpp:101               |   [START] Parsing Statement
20:33:06.753 | INFO  | Parser.cpp:101               |   [DONE ] Parsing Statement (0.011 ms)
20:33:06.753 | INFO  | Parser.cpp:101               |   [START] Parsing Statement
20:33:06.753 | INFO  | Parser.cpp:101               |   [DONE ] Parsing Statement (0.010 ms)
20:33:06.753 | INFO  | Parser.cpp:58                | [DONE ] Parsing (0.050 ms)
20:33:06.753 | INFO  | Codegen.cpp:11               | Initializing CodeGen with new LLVM module
20:33:06.753 | INFO  | main.cpp:69                  | [START] Code Generation
20:33:06.753 | INFO  | main.cpp:69                  | [DONE ] Code Generation (0.100 ms)
20:33:06.753 | INFO  | main.cpp:75                  | [START] LLVM IR Construction (Main)
20:33:06.753 | INFO  | main.cpp:75                  | [DONE ] LLVM IR Construction (Main) (0.028 ms)

================================================================================
                         PERFORMANCE SUMMARY                                    
--------------------------------------------------------------------------------
 Total Application Time: 0.898 ms
--------------------------------------------------------------------------------
 Phase / Scope                                 Count     Total Time     % App
--------------------------------------------------------------------------------
Tokenization                                       1       0.032 ms     3.56%
Parsing                                            1       0.050 ms     5.54%
Code Generation                                    1       0.100 ms    11.18%
LLVM IR Construction (Main)                        1       0.028 ms     3.14%
Other / Overhead                                   -       0.687 ms    76.58%
================================================================================
20:33:21.593 | INFO  | main.cpp:34                  | PICC starting
20:33:21.594 | INFO  | Lexer.cpp:8                  | Initializing Lexer with source code of length: 326
20:33:21.594 | INFO  | Lexer.cpp:29                 | [START] Tokenization
20:33:21.594 | INFO  | Lexer.cpp:220                |   Tokenization completed successfully. Total tokens: 33
20:33:21.594 | INFO  | Lexer.cpp:29                 | [DONE ] Tokenization (0.052 ms)
20:33:21.594 | INFO  | Parser.cpp:9                 | Initializing Parser with 33 tokens
20:33:21.594 | INFO  | Parser.cpp:57                | Parsing Function 'main'
20:33:21.594 | INFO  | Parser.cpp:58                | [START] Parsing
20:33:21.594 | INFO  | Parser.cpp:101               |   [START] Parsing Statement
20:33:21.594 | INFO  | Parser.cpp:101               |   [DONE ] Parsing Statement (0.012 ms)
20:33:21.594 | INFO  | Parser.cpp:101               |   [START] Parsing Statement
20:33:21.594 | INFO  | Parser.cpp:101               |   [DONE ] Parsing Statement (0.011 ms)
20:33:21.594 | INFO  | Parser.cpp:101               |   [START] Parsing Statement
20:33:21.594 | INFO  | Parser.cpp:101               |   [DONE ] Parsing Statement (0.008 ms)
20:33:21.594 | INFO  | Parser.cpp:101               |   [START] Parsing Statement
20:33:21.594 | INFO  | Parser.cpp:101               |   [DONE ] Parsing Statement (0.007 ms)
20:33:21.594 | INFO  | Parser.cpp:58                | [DONE ] Parsing (0.090 ms)
20:33:21.594 | INFO  | Codegen.cpp:11               | Initializing CodeGen with new LLVM module
20:33:21.594 | INFO  | main.cpp:69                  | [START] Code Generation
20:33:21.594 | INFO  | main.cpp:69                  | [DONE ] Code Generation (0.113 ms)
20:33:21.594 | INFO  | main.cpp:75                  | [START] LLVM IR Construction (Main)
20:33:21.594 | INFO  | main.cpp:75                  | [DONE ] LLVM IR Construction (Main) (0.034 ms)

================================================================================
                         PERFORMANCE SUMMARY                                    
--------------------------------------------------------------------------------
 Total Application Time: 1.404 ms
--------------------------------------------------------------------------------
 Phase / Scope                                 Count     Total Time     % App
--------------------------------------------------------------------------------
Tokenization                                       1       0.052 ms     3.69%
Parsing                                            1       0.090 ms     6.41%
Code Generation                                    1       0.113 ms     8.03%
LLVM IR Construction (Main)                        1       0.034 ms     2.40%
Other / Overhead                                   -       1.116 ms    79.47%
================================================================================
20:36:01.166 | INFO  | main.cpp:34                  | PICC starting
20:36:01.167 | INFO  | Lexer.cpp:8                  | Initializing Lexer with source code of length: 377
20:36:01.167 | INFO  | Lexer.cpp:29                 | [START] Tokenization
20:36:01.167 | INFO  | Lexer.cpp:220                |   Tokenization completed successfully. Total tokens: 19
20:36:01.167 | INFO  | Lexer.cpp:29                 | [DONE ] Tokenization (0.053 ms)
20:36:01.167 | INFO  | Parser.cpp:9                 | Initializing Parser with 19 tokens
20:36:01.167 | INFO  | Parser.cpp:57                | Parsing Function 'main'
20:36:01.167 | INFO  | Parser.cpp:58                | [START] Parsing
20:36:01.167 | INFO  | Parser.cpp:101               |   [START] Parsing Statement
20:36:01.167 | INFO  | Parser.cpp:101               |   [DONE ] Parsing Statement (0.018 ms)
20:36:01.167 | INFO  | Parser.cpp:101               |   [START] Parsing Statement
20:36:01.167 | INFO  | Parser.cpp:101               |   [DONE ] Parsing Statement (0.011 ms)
20:36:01.167 | INFO  | Parser.cpp:58                | [DONE ] Parsing (0.058 ms)
20:36:01.168 | INFO  | Codegen.cpp:11               | Initializing CodeGen with new LLVM module
20:36:01.168 | INFO  | main.cpp:69                  | [START] Code Generation
20:36:01.170 | INFO  | main.cpp:69                  | [DONE ] Code Generation (1.282 ms)
20:36:01.170 | INFO  | main.cpp:75                  | [START] LLVM IR Construction (Main)
20:36:01.170 | INFO  | main.cpp:75                  | [DONE ] LLVM IR Construction (Main) (0.064 ms)

================================================================================
                         PERFORMANCE SUMMARY                                    
--------------------------------------------------------------------------------
 Total Application Time: 4.365 ms
--------------------------------------------------------------------------------
 Phase / Scope                                 Count     Total Time     % App
--------------------------------------------------------------------------------
Tokenization                                       1       0.053 ms     1.22%
Parsing                                            1       0.058 ms     1.33%
Code Generation                                    1       1.282 ms    29.38%
LLVM IR Construction (Main)                        1       0.064 ms     1.47%
Other / Overhead                                   -       2.907 ms    66.60%
================================================================================
20:36:01.184 | INFO  | main.cpp:34                  | PICC starting
20:36:01.185 | INFO  | Lexer.cpp:8                  | Initializing Lexer with source code of length: 209
20:36:01.185 | INFO  | Lexer.cpp:29                 | [START] Tokenization
20:36:01.185 | INFO  | Lexer.cpp:220                |   Tokenization completed successfully. Total tokens: 13
20:36:01.185 | INFO  | Lexer.cpp:29                 | [DONE ] Tokenization (0.044 ms)
20:36:01.185 | INFO  | Parser.cpp:9                 | Initializing Parser with 13 tokens
20:36:01.185 | INFO  | Parser.cpp:57                | Parsing Function 'main'
20:36:01.185 | INFO  | Parser.cpp:58                | [START] Parsing
20:36:01.185 | INFO  | Parser.cpp:101               |   [START] Parsing Statement
20:36:01.185 | INFO  | Parser.cpp:101               |   [DONE ] Parsing Statement (0.014 ms)
20:36:01.185 | INFO  | Parser.cpp:58                | [DONE ] Parsing (0.042 ms)
20:36:01.185 | INFO  | Codegen.cpp:11               | Initializing CodeGen with new LLVM module
20:36:01.185 | INFO  | main.cpp:69                  | [START] Code Generation
20:36:01.185 | INFO  | main.cpp:69                  | [DONE ] Code Generation (0.132 ms)
20:36:01.185 | INFO  | main.cpp:75                  | [START] LLVM IR Construction (Main)
20:36:01.185 | INFO  | main.cpp:75                  | [DONE ] LLVM IR Construction (Main) (0.026 ms)

================================================================================
                         PERFORMANCE SUMMARY                                    
--------------------------------------------------------------------------------
 Total Application Time: 1.233 ms
--------------------------------------------------------------------------------
 Phase / Scope                                 Count     Total Time     % App
--------------------------------------------------------------------------------
Tokenization                                       1       0.044 ms     3.61%
Parsing                                            1       0.042 ms     3.41%
Code Generation                                    1       0.132 ms    10.70%
LLVM IR Construction (Main)                        1       0.026 ms     2.10%
Other / Overhead                                   -       0.989 ms    80.18%
================================================================================
20:36:01.196 | INFO  | main.cpp:34                  | PICC starting
20:36:01.197 | INFO  | Lexer.cpp:8                  | Initializing Lexer with source code of length: 104
20:36:01.197 | INFO  | Lexer.cpp:29                 | [START] Tokenization
20:36:01.197 | INFO  | Lexer.cpp:220                |   Tokenization completed successfully. Total tokens: 9
20:36:01.197 | INFO  | Lexer.cpp:29                 | [DONE ] Tokenization (0.034 ms)
20:36:01.197 | INFO  | Parser.cpp:9                 | Initializing Parser with 9 tokens
20:36:01.197 | INFO  | Parser.cpp:57                | Parsing Function 'main'
20:36:01.197 | INFO  | Parser.cpp:58                | [START] Parsing
20:36:01.197 | INFO  | Parser.cpp:58                | [DONE ] Parsing (0.011 ms)
20:36:01.197 | INFO  | Codegen.cpp:11               | Initializing CodeGen with new LLVM module
20:36:01.197 | INFO  | main.cpp:69                  | [START] Code Generation
20:36:01.197 | INFO  | main.cpp:69                  | [DONE ] Code Generation (0.109 ms)
20:36:01.197 | INFO  | main.cpp:75                  | [START] LLVM IR Construction (Main)
20:36:01.197 | INFO  | main.cpp:75                  | [DONE ] LLVM IR Construction (Main) (0.041 ms)

================================================================================
                         PERFORMANCE SUMMARY                                    
--------------------------------------------------------------------------------
 Total Application Time: 1.115 ms
--------------------------------------------------------------------------------
 Phase / Scope                                 Count     Total Time     % App
--------------------------------------------------------------------------------
Tokenization                                       1       0.034 ms     3.03%
Parsing                                            1       0.011 ms     1.01%
Code Generation                                    1       0.109 ms     9.75%
LLVM IR Construction (Main)                        1       0.041 ms     3.66%
Other / Overhead                                   -       0.921 ms    82.56%
================================================================================
20:36:01.208 | INFO  | main.cpp:34                  | PICC starting
20:36:01.208 | INFO  | Lexer.cpp:8                  | Initializing Lexer with source code of length: 124
20:36:01.208 | INFO  | Lexer.cpp:29                 | [START] Tokenization
20:36:01.208 | INFO  | Lexer.cpp:220                |   Tokenization completed successfully. Total tokens: 15
20:36:01.208 | INFO  | Lexer.cpp:29                 | [DONE ] Tokenization (0.032 ms)
20:36:01.208 | INFO  | Parser.cpp:9                 | Initializing Parser with 15 tokens
20:36:01.208 | INFO  | Parser.cpp:57                | Parsing Function 'main'
20:36:01.208 | INFO  | Parser.cpp:58                | [START] Parsing
20:36:01.208 | INFO  | Parser.cpp:101               |   [START] Parsing Statement
20:36:01.208 | INFO  | Parser.cpp:101               |   [DONE ] Parsing Statement (0.012 ms)
20:36:01.208 | INFO  | Parser.cpp:58                | [DONE ] Parsing (0.033 ms)
20:36:01.208 | INFO  | Codegen.cpp:11               | Initializing CodeGen with new LLVM module
20:36:01.208 | INFO  | main.cpp:69                  | [START] Code Generation
20:36:01.209 | INFO  | main.cpp:69                  | [DONE ] Code Generation (0.106 ms)
20:36:01.209 | INFO  | main.cpp:75                  | [START] LLVM IR Construction (Main)
20:36:01.209 | INFO  | main.cpp:75                  | [DONE ] LLVM IR Construction (Main) (0.035 ms)

================================================================================
                         PERFORMANCE SUMMARY                                    
--------------------------------------------------------------------------------
 Total Application Time: 1.143 ms
--------------------------------------------------------------------------------
 Phase / Scope                                 Count     Total Time     % App
--------------------------------------------------------------------------------
Tokenization                                       1       0.032 ms     2.76%
Parsing                                            1       0.033 ms     2.92%
Code Generation                                    1       0.106 ms     9.25%
LLVM IR Construction (Main)                        1       0.035 ms     3.03%
Other / Overhead                                   -       0.938 ms    82.04%
================================================================================
20:36:01.218 | INFO  | main.cpp:34                  | PICC starting
20:36:01.219 | INFO  | Lexer.cpp:8                  | Initializing Lexer with source code of length: 326
20:36:01.219 | INFO  | Lexer.cpp:29                 | [START] Tokenization
20:36:01.219 | INFO  | Lexer.cpp:220                |   Tokenization completed successfully. Total tokens: 33
20:36:01.219 | INFO  | Lexer.cpp:29                 | [DONE ] Tokenization (0.041 ms)
20:36:01.219 | INFO  | Parser.cpp:9                 | Initializing Parser with 33 tokens
20:36:01.219 | INFO  | Parser.cpp:57                | Parsing Function 'main'
20:36:01.219 | INFO  | Parser.cpp:58                | [START] Parsing
20:36:01.219 | INFO  | Parser.cpp:101               |   [START] Parsing Statement
20:36:01.219 | INFO  | Parser.cpp:101               |   [DONE ] Parsing Statement (0.011 ms)
20:36:01.219 | INFO  | Parser.cpp:101               |   [START] Parsing Statement
20:36:01.219 | INFO  | Parser.cpp:101               |   [DONE ] Parsing Statement (0.009 ms)
20:36:01.219 | INFO  | Parser.cpp:101               |   [START] Parsing Statement
20:36:01.219 | INFO  | Parser.cpp:101               |   [DONE ] Parsing Statement (0.007 ms)
20:36:01.219 | INFO  | Parser.cpp:101               |   [START] Parsing Statement
20:36:01.219 | INFO  | Parser.cpp:101               |   [DONE ] Parsing Statement (0.008 ms)
20:36:01.219 | INFO  | Parser.cpp:58                | [DONE ] Parsing (0.082 ms)
20:36:01.219 | INFO  | Codegen.cpp:11               | Initializing CodeGen with new LLVM module
20:36:01.219 | INFO  | main.cpp:69                  | [START] Code Generation
20:36:01.219 | INFO  | main.cpp:69                  | [DONE ] Code Generation (0.143 ms)
20:36:01.219 | INFO  | main.cpp:75                  | [START] LLVM IR Construction (Main)
20:36:01.219 | INFO  | main.cpp:75                  | [DONE ] LLVM IR Construction (Main) (0.029 ms)

================================================================================
                         PERFORMANCE SUMMARY                                    
--------------------------------------------------------------------------------
 Total Application Time: 1.062 ms
--------------------------------------------------------------------------------
 Phase / Scope                                 Count     Total Time     % App
--------------------------------------------------------------------------------
Tokenization                                       1       0.041 ms     3.86%
Parsing                                            1       0.082 ms     7.75%
Code Generation                                    1       0.143 ms    13.49%
LLVM IR Construction (Main)                        1       0.029 ms     2.74%
Other / Overhead                                   -       0.767 ms    72.16%
================================================================================
20:36:01.228 | INFO  | main.cpp:34                  | PICC starting
20:36:01.228 | INFO  | Lexer.cpp:8                  | Initializing Lexer with source code of length: 269
20:36:01.228 | INFO  | Lexer.cpp:29                 | [START] Tokenization
20:36:01.228 | INFO  | Lexer.cpp:220                |   Tokenization completed successfully. Total tokens: 41
20:36:01.228 | INFO  | Lexer.cpp:29                 | [DONE ] Tokenization (0.039 ms)
20:36:01.228 | INFO  | Parser.cpp:9                 | Initializing Parser with 41 tokens
20:36:01.228 | INFO  | Parser.cpp:57                | Parsing Function 'main'
20:36:01.228 | INFO  | Parser.cpp:58                | [START] Parsing
20:36:01.228 | INFO  | Parser.cpp:101               |   [START] Parsing Statement
20:36:01.228 | INFO  | Parser.cpp:101               |   [DONE ] Parsing Statement (0.012 ms)
20:36:01.228 | INFO  | Parser.cpp:101               |   [START] Parsing Statement
20:36:01.228 | INFO  | Parser.cpp:101               |   [DONE ] Parsing Statement (0.011 ms)
20:36:01.229 | INFO  | Parser.cpp:101               |   [START] Parsing Statement
20:36:01.229 | INFO  | Parser.cpp:101               |   [DONE ] Parsing Statement (0.009 ms)
20:36:01.229 | INFO  | Parser.cpp:101               |   [START] Parsing Statement
20:36:01.229 | INFO  | Parser.cpp:101               |   [DONE ] Parsing Statement (0.008 ms)
20:36:01.229 | INFO  | Parser.cpp:58                | [DONE ] Parsing (0.090 ms)
20:36:01.229 | INFO  | Codegen.cpp:11               | Initializing CodeGen with new LLVM module
20:36:01.229 | INFO  | main.cpp:69                  | [START] Code Generation
20:36:01.229 | INFO  | main.cpp:69                  | [DONE ] Code Generation (0.150 ms)
20:36:01.229 | INFO  | main.cpp:75                  | [START] LLVM IR Construction (Main)
20:36:01.229 | INFO  | main.cpp:75                  | [DONE ] LLVM IR Construction (Main) (0.030 ms)

================================================================================
                         PERFORMANCE SUMMARY                                    
--------------------------------------------------------------------------------
 Total Application Time: 1.105 ms
--------------------------------------------------------------------------------
 Phase / Scope                                 Count     Total Time     % App
--------------------------------------------------------------------------------
Tokenization                                       1       0.039 ms     3.56%
Parsing                                            1       0.090 ms     8.14%
Code Generation                                    1       0.150 ms    13.56%
LLVM IR Construction (Main)                        1       0.030 ms     2.70%
Other / Overhead                                   -       0.796 ms    72.03%
================================================================================
20:36:01.238 | INFO  | main.cpp:34                  | PICC starting
20:36:01.239 | INFO  | Lexer.cpp:8                  | Initializing Lexer with source code of length: 151
20:36:01.239 | INFO  | Lexer.cpp:29                 | [START] Tokenization
20:36:01.239 | INFO  | Lexer.cpp:220                |   Tokenization completed successfully. Total tokens: 17
20:36:01.239 | INFO  | Lexer.cpp:29                 | [DONE ] Tokenization (0.030 ms)
20:36:01.239 | INFO  | Parser.cpp:9                 | Initializing Parser with 17 tokens
20:36:01.239 | INFO  | Parser.cpp:57                | Parsing Function 'main'
20:36:01.239 | INFO  | Parser.cpp:58                | [START] Parsing
20:36:01.239 | INFO  | Parser.cpp:101               |   [START] Parsing Statement
20:36:01.239 | INFO  | Parser.cpp:101               |   [DONE ] Parsing Statement (0.012 ms)
20:36:01.239 | INFO  | Parser.cpp:58                | [DONE ] Parsing (0.034 ms)
20:36:01.239 | INFO  | Codegen.cpp:11               | Initializing CodeGen with new LLVM module
20:36:01.239 | INFO  | main.cpp:69                  | [START] Code Generation
20:36:01.239 | INFO  | main.cpp:69                  | [DONE ] Code Generation (0.107 ms)
20:36:01.239 | INFO  | main.cpp:75                  | [START] LLVM IR Construction (Main)
20:36:01.239 | INFO  | main.cpp:75                  | [DONE ] LLVM IR Construction (Main) (0.031 ms)

================================================================================
                         PERFORMANCE SUMMARY                                    
--------------------------------------------------------------------------------
 Total Application Time: 0.983 ms
--------------------------------------------------------------------------------
 Phase / Scope                                 Count     Total Time     % App
--------------------------------------------------------------------------------
Tokenization                                       1       0.030 ms     3.04%
Parsing                                            1       0.034 ms     3.45%
Code Generation                                    1       0.107 ms    10.89%
LLVM IR Construction (Main)                        1       0.031 ms     3.15%
Other / Overhead                                   -       0.781 ms    79.48%
================================================================================
20:36:01.248 | INFO  | main.cpp:34                  | PICC starting
20:36:01.248 | INFO  | Lexer.cpp:8                  | Initializing Lexer with source code of length: 167
20:36:01.248 | INFO  | Lexer.cpp:29                 | [START] Tokenization
20:36:01.248 | INFO  | Lexer.cpp:220                |   Tokenization completed successfully. Total tokens: 31
20:36:01.248 | INFO  | Lexer.cpp:29                 | [DONE ] Tokenization (0.054 ms)
20:36:01.248 | INFO  | Parser.cpp:9                 | Initializing Parser with 31 tokens
20:36:01.249 | INFO  | Parser.cpp:57                | Parsing Function 'main'
20:36:01.249 | INFO  | Parser.cpp:58                | [START] Parsing
20:36:01.249 | INFO  | Parser.cpp:101               |   [START] Parsing Statement
20:36:01.249 | INFO  | Parser.cpp:101               |   [DONE ] Parsing Statement (0.015 ms)
20:36:01.249 | INFO  | Parser.cpp:101               |   [START] Parsing Statement
20:36:01.249 | INFO  | Parser.cpp:101               |   [DONE ] Parsing Statement (0.011 ms)
20:36:01.249 | INFO  | Parser.cpp:58                | [DONE ] Parsing (0.056 ms)
20:36:01.249 | INFO  | Codegen.cpp:11               | Initializing CodeGen with new LLVM module
20:36:01.249 | INFO  | main.cpp:69                  | [START] Code Generation
20:36:01.249 | INFO  | main.cpp:69                  | [DONE ] Code Generation (0.151 ms)
20:36:01.249 | INFO  | main.cpp:75                  | [START] LLVM IR Construction (Main)
20:36:01.249 | INFO  | main.cpp:75                  | [DONE ] LLVM IR Construction (Main) (0.037 ms)

================================================================================
                         PERFORMANCE SUMMARY                                    
--------------------------------------------------------------------------------
 Total Application Time: 1.191 ms
--------------------------------------------------------------------------------
 Phase / Scope                                 Count     Total Time     % App
--------------------------------------------------------------------------------
Tokenization                                       1       0.054 ms     4.53%
Parsing                                            1       0.056 ms     4.66%
Code Generation                                    1       0.151 ms    12.69%
LLVM IR Construction (Main)                        1       0.037 ms     3.11%
Other / Overhead                                   -       0.893 ms    75.00%
================================================================================
21:13:34.082 | INFO  | main.cpp:34                  | PICC starting
21:13:34.082 | INFO  | Lexer.cpp:8                  | Initializing Lexer with source code of length: 377
21:13:34.082 | INFO  | Lexer.cpp:29                 | [START] Tokenization
21:13:34.083 | INFO  | Lexer.cpp:220                |   Tokenization completed successfully. Total tokens: 19
21:13:34.083 | INFO  | Lexer.cpp:29                 | [DONE ] Tokenization (0.183 ms)
21:13:34.083 | INFO  | Parser.cpp:9                 | Initializing Parser with 19 tokens
21:13:34.083 | INFO  | Parser.cpp:57                | Parsing Function 'main'
21:13:34.083 | INFO  | Parser.cpp:58                | [START] Parsing
21:13:34.083 | INFO  | Parser.cpp:101               |   [START] Parsing Statement
21:13:34.083 | INFO  | Parser.cpp:101               |   [DONE ] Parsing Statement (0.017 ms)
21:13:34.083 | INFO  | Parser.cpp:101               |   [START] Parsing Statement
21:13:34.083 | INFO  | Parser.cpp:101               |   [DONE ] Parsing Statement (0.010 ms)
21:13:34.083 | INFO  | Parser.cpp:58                | [DONE ] Parsing (0.057 ms)
21:13:34.083 | INFO  | Codegen.cpp:11               | Initializing CodeGen with new LLVM module
21:13:34.086 | INFO  | main.cpp:69                  | [START] Code Generation
21:13:34.090 | INFO  | main.cpp:69                  | [DONE ] Code Generation (3.630 ms)
21:13:34.090 | INFO  | main.cpp:75                  | [START] LLVM IR Construction (Main)
21:13:34.090 | INFO  | main.cpp:75                  | [DONE ] LLVM IR Construction (Main) (0.166 ms)

================================================================================
                         PERFORMANCE SUMMARY                                    
--------------------------------------------------------------------------------
 Total Application Time: 9.463 ms
--------------------------------------------------------------------------------
 Phase / Scope                                 Count     Total Time     % App
--------------------------------------------------------------------------------
Tokenization                                       1       0.183 ms     1.93%
Parsing                                            1       0.057 ms     0.60%
Code Generation                                    1       3.630 ms    38.36%
LLVM IR Construction (Main)                        1       0.166 ms     1.76%
Other / Overhead                                   -       5.428 ms    57.36%
================================================================================
21:13:34.103 | INFO  | main.cpp:34                  | PICC starting
21:13:34.104 | INFO  | Lexer.cpp:8                  | Initializing Lexer with source code of length: 209
21:13:34.104 | INFO  | Lexer.cpp:29                 | [START] Tokenization
21:13:34.104 | INFO  | Lexer.cpp:220                |   Tokenization completed successfully. Total tokens: 13
21:13:34.104 | INFO  | Lexer.cpp:29                 | [DONE ] Tokenization (0.031 ms)
21:13:34.104 | INFO  | Parser.cpp:9                 | Initializing Parser with 13 tokens
21:13:34.104 | INFO  | Parser.cpp:57                | Parsing Function 'main'
21:13:34.104 | INFO  | Parser.cpp:58                | [START] Parsing
21:13:34.104 | INFO  | Parser.cpp:101               |   [START] Parsing Statement
21:13:34.104 | INFO  | Parser.cpp:101               |   [DONE ] Parsing Statement (0.011 ms)
21:13:34.104 | INFO  | Parser.cpp:58                | [DONE ] Parsing (0.035 ms)
21:13:34.104 | INFO  | Codegen.cpp:11               | Initializing CodeGen with new LLVM module
21:13:34.104 | INFO  | main.cpp:69                  | [START] Code Generation
21:13:34.104 | INFO  | main.cpp:69                  | [DONE ] Code Generation (0.105 ms)
21:13:34.104 | INFO  | main.cpp:75                  | [START] LLVM IR Construction (Main)
21:13:34.104 | INFO  | main.cpp:75                  | [DONE ] LLVM IR Construction (Main) (0.020 ms)

================================================================================
                         PERFORMANCE SUMMARY                                    
--------------------------------------------------------------------------------
 Total Application Time: 1.558 ms
--------------------------------------------------------------------------------
 Phase / Scope                                 Count     Total Time     % App
--------------------------------------------------------------------------------
Tokenization                                       1       0.031 ms     2.02%
Parsing                                            1       0.035 ms     2.25%
Code Generation                                    1       0.105 ms     6.74%
LLVM IR Construction (Main)                        1       0.020 ms     1.27%
Other / Overhead                                   -       1.367 ms    87.71%
================================================================================
21:13:34.112 | INFO  | main.cpp:34                  | PICC starting
21:13:34.113 | INFO  | Lexer.cpp:8                  | Initializing Lexer with source code of length: 104
21:13:34.113 | INFO  | Lexer.cpp:29                 | [START] Tokenization
21:13:34.113 | INFO  | Lexer.cpp:220                |   Tokenization completed successfully. Total tokens: 9
21:13:34.113 | INFO  | Lexer.cpp:29                 | [DONE ] Tokenization (0.025 ms)
21:13:34.113 | INFO  | Parser.cpp:9                 | Initializing Parser with 9 tokens
21:13:34.113 | INFO  | Parser.cpp:57                | Parsing Function 'main'
21:13:34.113 | INFO  | Parser.cpp:58                | [START] Parsing
21:13:34.113 | INFO  | Parser.cpp:58                | [DONE ] Parsing (0.010 ms)
21:13:34.113 | INFO  | Codegen.cpp:11               | Initializing CodeGen with new LLVM module
21:13:34.113 | INFO  | main.cpp:69                  | [START] Code Generation
21:13:34.113 | INFO  | main.cpp:69                  | [DONE ] Code Generation (0.070 ms)
21:13:34.113 | INFO  | main.cpp:75                  | [START] LLVM IR Construction (Main)
21:13:34.113 | INFO  | main.cpp:75                  | [DONE ] LLVM IR Construction (Main) (0.031 ms)

================================================================================
                         PERFORMANCE SUMMARY                                    
--------------------------------------------------------------------------------
 Total Application Time: 0.828 ms
--------------------------------------------------------------------------------
 Phase / Scope                                 Count     Total Time     % App
--------------------------------------------------------------------------------
Tokenization                                       1       0.025 ms     3.02%
Parsing                                            1       0.010 ms     1.16%
Code Generation                                    1       0.070 ms     8.52%
LLVM IR Construction (Main)                        1       0.031 ms     3.75%
Other / Overhead                                   -       0.691 ms    83.55%
================================================================================
21:13:34.121 | INFO  | main.cpp:34                  | PICC starting
21:13:34.121 | INFO  | Lexer.cpp:8                  | Initializing Lexer with source code of length: 124
21:13:34.121 | INFO  | Lexer.cpp:29                 | [START] Tokenization
21:13:34.121 | INFO  | Lexer.cpp:220                |   Tokenization completed successfully. Total tokens: 15
21:13:34.121 | INFO  | Lexer.cpp:29                 | [DONE ] Tokenization (0.028 ms)
21:13:34.121 | INFO  | Parser.cpp:9                 | Initializing Parser with 15 tokens
21:13:34.121 | INFO  | Parser.cpp:57                | Parsing Function 'main'
21:13:34.121 | INFO  | Parser.cpp:58                | [START] Parsing
21:13:34.121 | INFO  | Parser.cpp:101               |   [START] Parsing Statement
21:13:34.121 | INFO  | Parser.cpp:101               |   [DONE ] Parsing Statement (0.010 ms)
21:13:34.121 | INFO  | Parser.cpp:58                | [DONE ] Parsing (0.029 ms)
21:13:34.121 | INFO  | Codegen.cpp:11               | Initializing CodeGen with new LLVM module
21:13:34.121 | INFO  | main.cpp:69                  | [START] Code Generation
21:13:34.122 | INFO  | main.cpp:69                  | [DONE ] Code Generation (0.083 ms)
21:13:34.122 | INFO  | main.cpp:75                  | [START] LLVM IR Construction (Main)
21:13:34.122 | INFO  | main.cpp:75                  | [DONE ] LLVM IR Construction (Main) (0.029 ms)

================================================================================
                         PERFORMANCE SUMMARY                                    
--------------------------------------------------------------------------------
 Total Application Time: 0.768 ms
--------------------------------------------------------------------------------
 Phase / Scope                                 Count     Total Time     % App
--------------------------------------------------------------------------------
Tokenization                                       1       0.028 ms     3.66%
Parsing                                            1       0.029 ms     3.81%
Code Generation                                    1       0.083 ms    10.75%
LLVM IR Construction (Main)                        1       0.029 ms     3.80%
Other / Overhead                                   -       0.599 ms    77.99%
================================================================================
21:13:34.129 | INFO  | main.cpp:34                  | PICC starting
21:13:34.130 | INFO  | Lexer.cpp:8                  | Initializing Lexer with source code of length: 197
21:13:34.130 | INFO  | Lexer.cpp:29                 | [START] Tokenization
21:13:34.130 | INFO  | Lexer.cpp:220                |   Tokenization completed successfully. Total tokens: 21
21:13:34.130 | INFO  | Lexer.cpp:29                 | [DONE ] Tokenization (0.045 ms)
21:13:34.130 | INFO  | Parser.cpp:9                 | Initializing Parser with 21 tokens
21:13:34.130 | INFO  | Parser.cpp:57                | Parsing Function 'main'
21:13:34.130 | INFO  | Parser.cpp:58                | [START] Parsing
21:13:34.130 | INFO  | Parser.cpp:101               |   [START] Parsing Statement
21:13:34.130 | INFO  | Parser.cpp:101               |   [DONE ] Parsing Statement (0.012 ms)
21:13:34.130 | INFO  | Parser.cpp:101               |   [START] Parsing Statement
21:13:34.130 | INFO  | Parser.cpp:101               |   [DONE ] Parsing Statement (0.010 ms)
21:13:34.130 | INFO  | Parser.cpp:58                | [DONE ] Parsing (0.071 ms)
21:13:34.130 | INFO  | Codegen.cpp:11               | Initializing CodeGen with new LLVM module
21:13:34.130 | INFO  | main.cpp:69                  | [START] Code Generation
21:13:34.130 | INFO  | main.cpp:69                  | [DONE ] Code Generation (0.120 ms)
21:13:34.130 | INFO  | main.cpp:75                  | [START] LLVM IR Construction (Main)
21:13:34.130 | INFO  | main.cpp:75                  | [DONE ] LLVM IR Construction (Main) (0.031 ms)

================================================================================
                         PERFORMANCE SUMMARY                                    
--------------------------------------------------------------------------------
 Total Application Time: 1.041 ms
--------------------------------------------------------------------------------
 Phase / Scope                                 Count     Total Time     % App
--------------------------------------------------------------------------------
Tokenization                                       1       0.045 ms     4.28%
Parsing                                            1       0.071 ms     6.80%
Code Generation                                    1       0.120 ms    11.58%
LLVM IR Construction (Main)                        1       0.031 ms     2.97%
Other / Overhead                                   -       0.774 ms    74.38%
================================================================================
21:13:34.139 | INFO  | main.cpp:34                  | PICC starting
21:13:34.139 | INFO  | Lexer.cpp:8                  | Initializing Lexer with source code of length: 326
21:13:34.139 | INFO  | Lexer.cpp:29                 | [START] Tokenization
21:13:34.139 | INFO  | Lexer.cpp:220                |   Tokenization completed successfully. Total tokens: 33
21:13:34.139 | INFO  | Lexer.cpp:29                 | [DONE ] Tokenization (0.039 ms)
21:13:34.139 | INFO  | Parser.cpp:9                 | Initializing Parser with 33 tokens
21:13:34.139 | INFO  | Parser.cpp:57                | Parsing Function 'main'
21:13:34.139 | INFO  | Parser.cpp:58                | [START] Parsing
21:13:34.139 | INFO  | Parser.cpp:101               |   [START] Parsing Statement
21:13:34.139 | INFO  | Parser.cpp:101               |   [DONE ] Parsing Statement (0.010 ms)
21:13:34.139 | INFO  | Parser.cpp:101               |   [START] Parsing Statement
21:13:34.139 | INFO  | Parser.cpp:101               |   [DONE ] Parsing Statement (0.009 ms)
21:13:34.139 | INFO  | Parser.cpp:101               |   [START] Parsing Statement
21:13:34.139 | INFO  | Parser.cpp:101               |   [DONE ] Parsing Statement (0.008 ms)
21:13:34.139 | INFO  | Parser.cpp:101               |   [START] Parsing Statement
21:13:34.139 | INFO  | Parser.cpp:101               |   [DONE ] Parsing Statement (0.007 ms)
21:13:34.139 | INFO  | Parser.cpp:58                | [DONE ] Parsing (0.083 ms)
21:13:34.139 | INFO  | Codegen.cpp:11               | Initializing CodeGen with new LLVM module
21:13:34.139 | INFO  | main.cpp:69                  | [START] Code Generation
21:13:34.140 | INFO  | main.cpp:69                  | [DONE ] Code Generation (0.113 ms)
21:13:34.140 | INFO  | main.cpp:75                  | [START] LLVM IR Construction (Main)
21:13:34.140 | INFO  | main.cpp:75                  | [DONE ] LLVM IR Construction (Main) (0.027 ms)

================================================================================
                         PERFORMANCE SUMMARY                                    
--------------------------------------------------------------------------------
 Total Application Time: 0.976 ms
--------------------------------------------------------------------------------
 Phase / Scope                                 Count     Total Time     % App
--------------------------------------------------------------------------------
Tokenization                                       1       0.039 ms     3.97%
Parsing                                            1       0.083 ms     8.47%
Code Generation                                    1       0.113 ms    11.54%
LLVM IR Construction (Main)                        1       0.027 ms     2.79%
Other / Overhead                                   -       0.715 ms    73.23%
================================================================================
21:13:34.148 | INFO  | main.cpp:34                  | PICC starting
21:13:34.149 | INFO  | Lexer.cpp:8                  | Initializing Lexer with source code of length: 269
21:13:34.149 | INFO  | Lexer.cpp:29                 | [START] Tokenization
21:13:34.149 | INFO  | Lexer.cpp:220                |   Tokenization completed successfully. Total tokens: 41
21:13:34.149 | INFO  | Lexer.cpp:29                 | [DONE ] Tokenization (0.039 ms)
21:13:34.149 | INFO  | Parser.cpp:9                 | Initializing Parser with 41 tokens
21:13:34.149 | INFO  | Parser.cpp:57                | Parsing Function 'main'
21:13:34.149 | INFO  | Parser.cpp:58                | [START] Parsing
21:13:34.149 | INFO  | Parser.cpp:101               |   [START] Parsing Statement
21:13:34.149 | INFO  | Parser.cpp:101               |   [DONE ] Parsing Statement (0.011 ms)
21:13:34.149 | INFO  | Parser.cpp:101               |   [START] Parsing Statement
21:13:34.149 | INFO  | Parser.cpp:101               |   [DONE ] Parsing Statement (0.010 ms)
21:13:34.149 | INFO  | Parser.cpp:101               |   [START] Parsing Statement
21:13:34.149 | INFO  | Parser.cpp:101               |   [DONE ] Parsing Statement (0.008 ms)
21:13:34.149 | INFO  | Parser.cpp:101               |   [START] Parsing Statement
21:13:34.149 | INFO  | Parser.cpp:101               |   [DONE ] Parsing Statement (0.008 ms)
21:13:34.149 | INFO  | Parser.cpp:58                | [DONE ] Parsing (0.085 ms)
21:13:34.149 | INFO  | Codegen.cpp:11               | Initializing CodeGen with new LLVM module
21:13:34.149 | INFO  | main.cpp:69                  | [START] Code Generation
21:13:34.150 | INFO  | main.cpp:69                  | [DONE ] Code Generation (0.455 ms)
21:13:34.150 | INFO  | main.cpp:75                  | [START] LLVM IR Construction (Main)
21:13:34.150 | INFO  | main.cpp:75                  | [DONE ] LLVM IR Construction (Main) (0.033 ms)

================================================================================
                         PERFORMANCE SUMMARY                                    
--------------------------------------------------------------------------------
 Total Application Time: 1.432 ms
--------------------------------------------------------------------------------
 Phase / Scope                                 Count     Total Time     % App
--------------------------------------------------------------------------------
Tokenization                                       1       0.039 ms     2.72%
Parsing                                            1       0.085 ms     5.93%
Code Generation                                    1       0.455 ms    31.74%
LLVM IR Construction (Main)                        1       0.033 ms     2.32%
Other / Overhead                                   -       0.821 ms    57.29%
================================================================================
21:13:34.157 | INFO  | main.cpp:34                  | PICC starting
21:13:34.158 | INFO  | Lexer.cpp:8                  | Initializing Lexer with source code of length: 151
21:13:34.158 | INFO  | Lexer.cpp:29                 | [START] Tokenization
21:13:34.158 | INFO  | Lexer.cpp:220                |   Tokenization completed successfully. Total tokens: 17
21:13:34.158 | INFO  | Lexer.cpp:29                 | [DONE ] Tokenization (0.030 ms)
21:13:34.158 | INFO  | Parser.cpp:9                 | Initializing Parser with 17 tokens
21:13:34.158 | INFO  | Parser.cpp:57                | Parsing Function 'main'
21:13:34.158 | INFO  | Parser.cpp:58                | [START] Parsing
21:13:34.158 | INFO  | Parser.cpp:101               |   [START] Parsing Statement
21:13:34.158 | INFO  | Parser.cpp:101               |   [DONE ] Parsing Statement (0.011 ms)
21:13:34.158 | INFO  | Parser.cpp:58                | [DONE ] Parsing (0.031 ms)
21:13:34.158 | INFO  | Codegen.cpp:11               | Initializing CodeGen with new LLVM module
21:13:34.158 | INFO  | main.cpp:69                  | [START] Code Generation
21:13:34.158 | INFO  | main.cpp:69                  | [DONE ] Code Generation (0.095 ms)
21:13:34.158 | INFO  | main.cpp:75                  | [START] LLVM IR Construction (Main)
21:13:34.158 | INFO  | main.cpp:75                  | [DONE ] LLVM IR Construction (Main) (0.029 ms)

================================================================================
                         PERFORMANCE SUMMARY                                    
--------------------------------------------------------------------------------
 Total Application Time: 0.903 ms
--------------------------------------------------------------------------------
 Phase / Scope                                 Count     Total Time     % App
--------------------------------------------------------------------------------
Tokenization                                       1       0.030 ms     3.33%
Parsing                                            1       0.031 ms     3.40%
Code Generation                                    1       0.095 ms    10.52%
LLVM IR Construction (Main)                        1       0.029 ms     3.19%
Other / Overhead                                   -       0.719 ms    79.56%
================================================================================
21:13:34.166 | INFO  | main.cpp:34                  | PICC starting
21:13:34.166 | INFO  | Lexer.cpp:8                  | Initializing Lexer with source code of length: 167
21:13:34.166 | INFO  | Lexer.cpp:29                 | [START] Tokenization
21:13:34.167 | INFO  | Lexer.cpp:220                |   Tokenization completed successfully. Total tokens: 31
21:13:34.167 | INFO  | Lexer.cpp:29                 | [DONE ] Tokenization (0.033 ms)
21:13:34.167 | INFO  | Parser.cpp:9                 | Initializing Parser with 31 tokens
21:13:34.167 | INFO  | Parser.cpp:57                | Parsing Function 'main'
21:13:34.167 | INFO  | Parser.cpp:58                | [START] Parsing
21:13:34.167 | INFO  | Parser.cpp:101               |   [START] Parsing Statement
21:13:34.167 | INFO  | Parser.cpp:101               |   [DONE ] Parsing Statement (0.037 ms)
21:13:34.167 | INFO  | Parser.cpp:101               |   [START] Parsing Statement
21:13:34.167 | INFO  | Parser.cpp:101               |   [DONE ] Parsing Statement (0.054 ms)
21:13:34.167 | INFO  | Parser.cpp:58                | [DONE ] Parsing (0.120 ms)
21:13:34.167 | INFO  | Codegen.cpp:11               | Initializing CodeGen with new LLVM module
21:13:34.167 | INFO  | main.cpp:69                  | [START] Code Generation
21:13:34.167 | INFO  | main.cpp:69                  | [DONE ] Code Generation (0.101 ms)
21:13:34.167 | INFO  | main.cpp:75                  | [START] LLVM IR Construction (Main)
21:13:34.167 | INFO  | main.cpp:75                  | [DONE ] LLVM IR Construction (Main) (0.028 ms)

================================================================================
                         PERFORMANCE SUMMARY                                    
--------------------------------------------------------------------------------
 Total Application Time: 0.959 ms
--------------------------------------------------------------------------------
 Phase / Scope                                 Count     Total Time     % App
--------------------------------------------------------------------------------
Tokenization                                       1       0.033 ms     3.40%
Parsing                                            1       0.120 ms    12.55%
Code Generation                                    1       0.101 ms    10.51%
LLVM IR Construction (Main)                        1       0.028 ms     2.90%
Other / Overhead                                   -       0.678 ms    70.64%
================================================================================
